<?xml version="1.0" encoding="UTF-8"?>
<!-- Generated by org.testng.reporters.JUnitXMLReporter -->
<testsuite ignored="1" hostname="LTIN487042" failures="0" tests="28" name="ChromeTest" time="197.764" errors="0" timestamp="2024-04-14T10:08:31 IST">
  <testcase classname="testCases.TestCase_001_WebDevelopmentValidation" name="SiteValidation" time="26.948"/>
  <testcase classname="testCases.TestCase_001_WebDevelopmentValidation" name="searchValidation" time="12.443"/>
  <testcase classname="testCases.TestCase_001_WebDevelopmentValidation" name="languageValidation" time="4.556"/>
  <testcase classname="testCases.TestCase_001_WebDevelopmentValidation" name="levelsValidation" time="4.353"/>
  <testcase classname="testCases.TestCase_001_WebDevelopmentValidation" name="firstCourseOpening" time="12.284"/>
  <testcase classname="testCases.TestCase_001_WebDevelopmentValidation" name="firstCourseTitle" time="4.109"/>
  <testcase classname="testCases.TestCase_001_WebDevelopmentValidation" name="firstCourseRating" time="1.265"/>
  <testcase classname="testCases.TestCase_001_WebDevelopmentValidation" name="firstCourseDuration" time="1.099"/>
  <testcase classname="testCases.TestCase_001_WebDevelopmentValidation" name="backToMain" time="1.082"/>
  <testcase classname="testCases.TestCase_001_WebDevelopmentValidation" name="SecondCourseOpening" time="12.095"/>
  <testcase classname="testCases.TestCase_001_WebDevelopmentValidation" name="SecondCourseTitle" time="4.06"/>
  <testcase classname="testCases.TestCase_001_WebDevelopmentValidation" name="SecondCourseRating" time="1.258"/>
  <testcase classname="testCases.TestCase_001_WebDevelopmentValidation" name="SecondCourseDuration" time="1.083"/>
  <testcase classname="testCases.TestCase_001_WebDevelopmentValidation" name="backToMainPage" time="1.071"/>
  <testcase classname="testCases.TestCase_002_LanguageLearningValidation" name="SiteValidation" time="6.12"/>
  <testcase classname="testCases.TestCase_002_LanguageLearningValidation" name="searchValidation" time="8.8"/>
  <testcase classname="testCases.TestCase_002_LanguageLearningValidation" name="languagesListValidation" time="5.173"/>
  <testcase classname="testCases.TestCase_002_LanguageLearningValidation" name="levelsListValidation" time="4.328"/>
  <testcase classname="testCases.TestCase_003_EnterpriseValidation" name="Enterprise" time="8.116"/>
  <testcase classname="testCases.TestCase_003_EnterpriseValidation" name="Formfilling" time="5.496"/>
  <testcase classname="testCases.TestCase_003_EnterpriseValidation" name="Submitform" time="0.026"/>
  <testcase classname="testCases.TestCase_003_EnterpriseValidation" name="VerifyMsg" time="0.551"/>
  <testcase classname="testCases.TestCase_003_EnterpriseValidation" name="Formfilling2" time="10.881"/>
  <testcase classname="testCases.TestCase_003_EnterpriseValidation" name="Submitform2" time="0.03"/>
  <testcase classname="testCases.TestCase_003_EnterpriseValidation" name="VerifyMsg2" time="0.985"/>
  <testcase classname="testCases.TestCase_003_EnterpriseValidation" name="Formfilling3" time="5.266"/>
  <testcase classname="testCases.TestCase_003_EnterpriseValidation" name="Submitform3" time="0.024"/>
  <testcase classname="testCases.TestCase_003_EnterpriseValidation" name="VerifyMsg3" time="20.265"/>
  <testcase classname="testCases.TestCase_003_EnterpriseValidation" name="SiteValidation" time="0.0">
    <ignored/>
  </testcase> <!-- SiteValidation -->
</testsuite> <!-- ChromeTest -->
