<?xml version="1.0" encoding="UTF-8"?>
<testng-results ignored="0" total="28" passed="28" failed="0" skipped="0">
  <reporter-output>
  </reporter-output>
  <suite started-at="2024-04-14T10:05:12 IST" name="Suite" finished-at="2024-04-14T10:08:30 IST" duration-ms="197764">
    <groups>
      <group name="Regression">
        <method signature="TestCase_001_WebDevelopmentValidation.SiteValidation()[pri:1, instance:testCases.TestCase_001_WebDevelopmentValidation@71075444]" name="SiteValidation" class="testCases.TestCase_001_WebDevelopmentValidation"/>
        <method signature="TestCase_001_WebDevelopmentValidation.searchValidation()[pri:2, instance:testCases.TestCase_001_WebDevelopmentValidation@71075444]" name="searchValidation" class="testCases.TestCase_001_WebDevelopmentValidation"/>
        <method signature="TestCase_002_LanguageLearningValidation.searchValidation()[pri:2, instance:testCases.TestCase_002_LanguageLearningValidation@1a245833]" name="searchValidation" class="testCases.TestCase_002_LanguageLearningValidation"/>
        <method signature="TestCase_003_EnterpriseValidation.Enterprise()[pri:2, instance:testCases.TestCase_003_EnterpriseValidation@673fdbce]" name="Enterprise" class="testCases.TestCase_003_EnterpriseValidation"/>
        <method signature="TestCase_001_WebDevelopmentValidation.languageValidation()[pri:3, instance:testCases.TestCase_001_WebDevelopmentValidation@71075444]" name="languageValidation" class="testCases.TestCase_001_WebDevelopmentValidation"/>
        <method signature="TestCase_002_LanguageLearningValidation.languagesListValidation()[pri:3, instance:testCases.TestCase_002_LanguageLearningValidation@1a245833]" name="languagesListValidation" class="testCases.TestCase_002_LanguageLearningValidation"/>
        <method signature="TestCase_003_EnterpriseValidation.Formfilling()[pri:3, instance:testCases.TestCase_003_EnterpriseValidation@673fdbce]" name="Formfilling" class="testCases.TestCase_003_EnterpriseValidation"/>
        <method signature="TestCase_001_WebDevelopmentValidation.levelsValidation()[pri:4, instance:testCases.TestCase_001_WebDevelopmentValidation@71075444]" name="levelsValidation" class="testCases.TestCase_001_WebDevelopmentValidation"/>
        <method signature="TestCase_002_LanguageLearningValidation.levelsListValidation()[pri:4, instance:testCases.TestCase_002_LanguageLearningValidation@1a245833]" name="levelsListValidation" class="testCases.TestCase_002_LanguageLearningValidation"/>
        <method signature="TestCase_003_EnterpriseValidation.Submitform()[pri:4, instance:testCases.TestCase_003_EnterpriseValidation@673fdbce]" name="Submitform" class="testCases.TestCase_003_EnterpriseValidation"/>
        <method signature="TestCase_001_WebDevelopmentValidation.firstCourseOpening()[pri:5, instance:testCases.TestCase_001_WebDevelopmentValidation@71075444]" name="firstCourseOpening" class="testCases.TestCase_001_WebDevelopmentValidation"/>
        <method signature="TestCase_003_EnterpriseValidation.VerifyMsg()[pri:5, instance:testCases.TestCase_003_EnterpriseValidation@673fdbce]" name="VerifyMsg" class="testCases.TestCase_003_EnterpriseValidation"/>
        <method signature="TestCase_001_WebDevelopmentValidation.firstCourseTitle()[pri:6, instance:testCases.TestCase_001_WebDevelopmentValidation@71075444]" name="firstCourseTitle" class="testCases.TestCase_001_WebDevelopmentValidation"/>
        <method signature="TestCase_003_EnterpriseValidation.Formfilling2()[pri:6, instance:testCases.TestCase_003_EnterpriseValidation@673fdbce]" name="Formfilling2" class="testCases.TestCase_003_EnterpriseValidation"/>
        <method signature="TestCase_001_WebDevelopmentValidation.firstCourseRating()[pri:7, instance:testCases.TestCase_001_WebDevelopmentValidation@71075444]" name="firstCourseRating" class="testCases.TestCase_001_WebDevelopmentValidation"/>
        <method signature="TestCase_003_EnterpriseValidation.Submitform2()[pri:7, instance:testCases.TestCase_003_EnterpriseValidation@673fdbce]" name="Submitform2" class="testCases.TestCase_003_EnterpriseValidation"/>
        <method signature="TestCase_001_WebDevelopmentValidation.firstCourseDuration()[pri:8, instance:testCases.TestCase_001_WebDevelopmentValidation@71075444]" name="firstCourseDuration" class="testCases.TestCase_001_WebDevelopmentValidation"/>
        <method signature="TestCase_003_EnterpriseValidation.VerifyMsg2()[pri:8, instance:testCases.TestCase_003_EnterpriseValidation@673fdbce]" name="VerifyMsg2" class="testCases.TestCase_003_EnterpriseValidation"/>
        <method signature="TestCase_001_WebDevelopmentValidation.backToMain()[pri:9, instance:testCases.TestCase_001_WebDevelopmentValidation@71075444]" name="backToMain" class="testCases.TestCase_001_WebDevelopmentValidation"/>
        <method signature="TestCase_003_EnterpriseValidation.Formfilling3()[pri:9, instance:testCases.TestCase_003_EnterpriseValidation@673fdbce]" name="Formfilling3" class="testCases.TestCase_003_EnterpriseValidation"/>
        <method signature="TestCase_001_WebDevelopmentValidation.SecondCourseOpening()[pri:10, instance:testCases.TestCase_001_WebDevelopmentValidation@71075444]" name="SecondCourseOpening" class="testCases.TestCase_001_WebDevelopmentValidation"/>
        <method signature="TestCase_003_EnterpriseValidation.Submitform3()[pri:10, instance:testCases.TestCase_003_EnterpriseValidation@673fdbce]" name="Submitform3" class="testCases.TestCase_003_EnterpriseValidation"/>
        <method signature="TestCase_001_WebDevelopmentValidation.SecondCourseTitle()[pri:11, instance:testCases.TestCase_001_WebDevelopmentValidation@71075444]" name="SecondCourseTitle" class="testCases.TestCase_001_WebDevelopmentValidation"/>
        <method signature="TestCase_003_EnterpriseValidation.VerifyMsg3()[pri:11, instance:testCases.TestCase_003_EnterpriseValidation@673fdbce]" name="VerifyMsg3" class="testCases.TestCase_003_EnterpriseValidation"/>
        <method signature="TestCase_001_WebDevelopmentValidation.SecondCourseRating()[pri:12, instance:testCases.TestCase_001_WebDevelopmentValidation@71075444]" name="SecondCourseRating" class="testCases.TestCase_001_WebDevelopmentValidation"/>
        <method signature="TestCase_001_WebDevelopmentValidation.SecondCourseDuration()[pri:13, instance:testCases.TestCase_001_WebDevelopmentValidation@71075444]" name="SecondCourseDuration" class="testCases.TestCase_001_WebDevelopmentValidation"/>
        <method signature="TestCase_001_WebDevelopmentValidation.backToMainPage()[pri:14, instance:testCases.TestCase_001_WebDevelopmentValidation@71075444]" name="backToMainPage" class="testCases.TestCase_001_WebDevelopmentValidation"/>
      </group> <!-- Regression -->
      <group name="Smoke">
        <method signature="TestCase_002_LanguageLearningValidation.SiteValidation()[pri:1, instance:testCases.TestCase_002_LanguageLearningValidation@1a245833]" name="SiteValidation" class="testCases.TestCase_002_LanguageLearningValidation"/>
      </group> <!-- Smoke -->
    </groups>
    <test started-at="2024-04-14T10:05:12 IST" name="ChromeTest" finished-at="2024-04-14T10:08:30 IST" duration-ms="197764">
      <class name="testCases.TestCase_002_LanguageLearningValidation">
        <test-method is-config="true" signature="setUp(java.lang.String,java.lang.String)[pri:0, instance:testCases.TestCase_002_LanguageLearningValidation@1a245833]" started-at="2024-04-14T10:06:50 IST" name="setUp" finished-at="2024-04-14T10:07:02 IST" duration-ms="11637" status="PASS">
          <params>
            <param index="0">
              <value>
                <![CDATA[windows]]>
              </value>
            </param>
            <param index="1">
              <value>
                <![CDATA[Chrome]]>
              </value>
            </param>
          </params>
          <reporter-output>
          </reporter-output>
        </test-method> <!-- setUp -->
        <test-method signature="SiteValidation()[pri:1, instance:testCases.TestCase_002_LanguageLearningValidation@1a245833]" started-at="2024-04-14T10:07:02 IST" name="SiteValidation" finished-at="2024-04-14T10:07:08 IST" duration-ms="6120" status="PASS">
          <reporter-output>
          </reporter-output>
        </test-method> <!-- SiteValidation -->
        <test-method signature="searchValidation()[pri:2, instance:testCases.TestCase_002_LanguageLearningValidation@1a245833]" started-at="2024-04-14T10:07:08 IST" name="searchValidation" finished-at="2024-04-14T10:07:17 IST" depends-on-methods="testCases.TestCase_002_LanguageLearningValidation.SiteValidation" duration-ms="8800" status="PASS">
          <reporter-output>
          </reporter-output>
        </test-method> <!-- searchValidation -->
        <test-method signature="languagesListValidation()[pri:3, instance:testCases.TestCase_002_LanguageLearningValidation@1a245833]" started-at="2024-04-14T10:07:17 IST" name="languagesListValidation" finished-at="2024-04-14T10:07:22 IST" depends-on-methods="testCases.TestCase_002_LanguageLearningValidation.searchValidation" duration-ms="5173" status="PASS">
          <reporter-output>
          </reporter-output>
        </test-method> <!-- languagesListValidation -->
        <test-method signature="levelsListValidation()[pri:4, instance:testCases.TestCase_002_LanguageLearningValidation@1a245833]" started-at="2024-04-14T10:07:22 IST" name="levelsListValidation" finished-at="2024-04-14T10:07:27 IST" depends-on-methods="testCases.TestCase_002_LanguageLearningValidation.searchValidation" duration-ms="4328" status="PASS">
          <reporter-output>
          </reporter-output>
        </test-method> <!-- levelsListValidation -->
        <test-method is-config="true" signature="tearDown()[pri:0, instance:testCases.TestCase_002_LanguageLearningValidation@1a245833]" started-at="2024-04-14T10:07:27 IST" name="tearDown" finished-at="2024-04-14T10:07:30 IST" duration-ms="3036" status="PASS">
          <reporter-output>
          </reporter-output>
        </test-method> <!-- tearDown -->
      </class> <!-- testCases.TestCase_002_LanguageLearningValidation -->
      <class name="testCases.TestCase_001_WebDevelopmentValidation">
        <test-method is-config="true" signature="setUp(java.lang.String,java.lang.String)[pri:0, instance:testCases.TestCase_001_WebDevelopmentValidation@71075444]" started-at="2024-04-14T10:05:13 IST" name="setUp" finished-at="2024-04-14T10:05:19 IST" duration-ms="6518" status="PASS">
          <params>
            <param index="0">
              <value>
                <![CDATA[windows]]>
              </value>
            </param>
            <param index="1">
              <value>
                <![CDATA[Chrome]]>
              </value>
            </param>
          </params>
          <reporter-output>
          </reporter-output>
        </test-method> <!-- setUp -->
        <test-method signature="SiteValidation()[pri:1, instance:testCases.TestCase_001_WebDevelopmentValidation@71075444]" started-at="2024-04-14T10:05:19 IST" name="SiteValidation" finished-at="2024-04-14T10:05:46 IST" duration-ms="26948" status="PASS">
          <reporter-output>
          </reporter-output>
        </test-method> <!-- SiteValidation -->
        <test-method signature="searchValidation()[pri:2, instance:testCases.TestCase_001_WebDevelopmentValidation@71075444]" started-at="2024-04-14T10:05:46 IST" name="searchValidation" finished-at="2024-04-14T10:05:59 IST" depends-on-methods="testCases.TestCase_001_WebDevelopmentValidation.SiteValidation" duration-ms="12443" status="PASS">
          <reporter-output>
          </reporter-output>
        </test-method> <!-- searchValidation -->
        <test-method signature="languageValidation()[pri:3, instance:testCases.TestCase_001_WebDevelopmentValidation@71075444]" started-at="2024-04-14T10:05:59 IST" name="languageValidation" finished-at="2024-04-14T10:06:03 IST" depends-on-methods="testCases.TestCase_001_WebDevelopmentValidation.searchValidation" duration-ms="4556" status="PASS">
          <reporter-output>
          </reporter-output>
        </test-method> <!-- languageValidation -->
        <test-method signature="levelsValidation()[pri:4, instance:testCases.TestCase_001_WebDevelopmentValidation@71075444]" started-at="2024-04-14T10:06:03 IST" name="levelsValidation" finished-at="2024-04-14T10:06:07 IST" depends-on-methods="testCases.TestCase_001_WebDevelopmentValidation.languageValidation" duration-ms="4353" status="PASS">
          <reporter-output>
          </reporter-output>
        </test-method> <!-- levelsValidation -->
        <test-method signature="firstCourseOpening()[pri:5, instance:testCases.TestCase_001_WebDevelopmentValidation@71075444]" started-at="2024-04-14T10:06:07 IST" name="firstCourseOpening" finished-at="2024-04-14T10:06:20 IST" depends-on-methods="testCases.TestCase_001_WebDevelopmentValidation.levelsValidation" duration-ms="12284" status="PASS">
          <reporter-output>
          </reporter-output>
        </test-method> <!-- firstCourseOpening -->
        <test-method signature="firstCourseTitle()[pri:6, instance:testCases.TestCase_001_WebDevelopmentValidation@71075444]" started-at="2024-04-14T10:06:20 IST" name="firstCourseTitle" finished-at="2024-04-14T10:06:24 IST" duration-ms="4109" status="PASS">
          <reporter-output>
          </reporter-output>
        </test-method> <!-- firstCourseTitle -->
        <test-method signature="firstCourseRating()[pri:7, instance:testCases.TestCase_001_WebDevelopmentValidation@71075444]" started-at="2024-04-14T10:06:24 IST" name="firstCourseRating" finished-at="2024-04-14T10:06:25 IST" depends-on-methods="testCases.TestCase_001_WebDevelopmentValidation.firstCourseTitle" duration-ms="1265" status="PASS">
          <reporter-output>
          </reporter-output>
        </test-method> <!-- firstCourseRating -->
        <test-method signature="firstCourseDuration()[pri:8, instance:testCases.TestCase_001_WebDevelopmentValidation@71075444]" started-at="2024-04-14T10:06:25 IST" name="firstCourseDuration" finished-at="2024-04-14T10:06:26 IST" depends-on-methods="testCases.TestCase_001_WebDevelopmentValidation.firstCourseRating" duration-ms="1099" status="PASS">
          <reporter-output>
          </reporter-output>
        </test-method> <!-- firstCourseDuration -->
        <test-method signature="backToMain()[pri:9, instance:testCases.TestCase_001_WebDevelopmentValidation@71075444]" started-at="2024-04-14T10:06:26 IST" name="backToMain" finished-at="2024-04-14T10:06:27 IST" depends-on-methods="testCases.TestCase_001_WebDevelopmentValidation.firstCourseTitle" duration-ms="1082" status="PASS">
          <reporter-output>
          </reporter-output>
        </test-method> <!-- backToMain -->
        <test-method signature="SecondCourseOpening()[pri:10, instance:testCases.TestCase_001_WebDevelopmentValidation@71075444]" started-at="2024-04-14T10:06:27 IST" name="SecondCourseOpening" finished-at="2024-04-14T10:06:39 IST" duration-ms="12095" status="PASS">
          <reporter-output>
          </reporter-output>
        </test-method> <!-- SecondCourseOpening -->
        <test-method signature="SecondCourseTitle()[pri:11, instance:testCases.TestCase_001_WebDevelopmentValidation@71075444]" started-at="2024-04-14T10:06:39 IST" name="SecondCourseTitle" finished-at="2024-04-14T10:06:43 IST" duration-ms="4060" status="PASS">
          <reporter-output>
          </reporter-output>
        </test-method> <!-- SecondCourseTitle -->
        <test-method signature="SecondCourseRating()[pri:12, instance:testCases.TestCase_001_WebDevelopmentValidation@71075444]" started-at="2024-04-14T10:06:43 IST" name="SecondCourseRating" finished-at="2024-04-14T10:06:45 IST" depends-on-methods="testCases.TestCase_001_WebDevelopmentValidation.SecondCourseTitle" duration-ms="1258" status="PASS">
          <reporter-output>
          </reporter-output>
        </test-method> <!-- SecondCourseRating -->
        <test-method signature="SecondCourseDuration()[pri:13, instance:testCases.TestCase_001_WebDevelopmentValidation@71075444]" started-at="2024-04-14T10:06:45 IST" name="SecondCourseDuration" finished-at="2024-04-14T10:06:46 IST" depends-on-methods="testCases.TestCase_001_WebDevelopmentValidation.firstCourseRating" duration-ms="1083" status="PASS">
          <reporter-output>
          </reporter-output>
        </test-method> <!-- SecondCourseDuration -->
        <test-method signature="backToMainPage()[pri:14, instance:testCases.TestCase_001_WebDevelopmentValidation@71075444]" started-at="2024-04-14T10:06:46 IST" name="backToMainPage" finished-at="2024-04-14T10:06:47 IST" depends-on-methods="testCases.TestCase_001_WebDevelopmentValidation.firstCourseTitle" duration-ms="1071" status="PASS">
          <reporter-output>
          </reporter-output>
        </test-method> <!-- backToMainPage -->
        <test-method is-config="true" signature="tearDown()[pri:0, instance:testCases.TestCase_001_WebDevelopmentValidation@71075444]" started-at="2024-04-14T10:06:47 IST" name="tearDown" finished-at="2024-04-14T10:06:50 IST" duration-ms="3622" status="PASS">
          <reporter-output>
          </reporter-output>
        </test-method> <!-- tearDown -->
      </class> <!-- testCases.TestCase_001_WebDevelopmentValidation -->
      <class name="testCases.TestCase_003_EnterpriseValidation">
        <test-method is-config="true" signature="setUp(java.lang.String,java.lang.String)[pri:0, instance:testCases.TestCase_003_EnterpriseValidation@673fdbce]" started-at="2024-04-14T10:07:30 IST" name="setUp" finished-at="2024-04-14T10:07:35 IST" duration-ms="5365" status="PASS">
          <params>
            <param index="0">
              <value>
                <![CDATA[windows]]>
              </value>
            </param>
            <param index="1">
              <value>
                <![CDATA[Chrome]]>
              </value>
            </param>
          </params>
          <reporter-output>
          </reporter-output>
        </test-method> <!-- setUp -->
        <test-method signature="Enterprise()[pri:2, instance:testCases.TestCase_003_EnterpriseValidation@673fdbce]" started-at="2024-04-14T10:07:35 IST" name="Enterprise" finished-at="2024-04-14T10:07:43 IST" duration-ms="8116" status="PASS">
          <reporter-output>
          </reporter-output>
        </test-method> <!-- Enterprise -->
        <test-method signature="Formfilling()[pri:3, instance:testCases.TestCase_003_EnterpriseValidation@673fdbce]" started-at="2024-04-14T10:07:43 IST" name="Formfilling" finished-at="2024-04-14T10:07:49 IST" duration-ms="5496" status="PASS">
          <reporter-output>
          </reporter-output>
        </test-method> <!-- Formfilling -->
        <test-method signature="Submitform()[pri:4, instance:testCases.TestCase_003_EnterpriseValidation@673fdbce]" started-at="2024-04-14T10:07:49 IST" name="Submitform" finished-at="2024-04-14T10:07:49 IST" duration-ms="26" status="PASS">
          <reporter-output>
          </reporter-output>
        </test-method> <!-- Submitform -->
        <test-method signature="VerifyMsg()[pri:5, instance:testCases.TestCase_003_EnterpriseValidation@673fdbce]" started-at="2024-04-14T10:07:49 IST" name="VerifyMsg" finished-at="2024-04-14T10:07:49 IST" duration-ms="551" status="PASS">
          <reporter-output>
          </reporter-output>
        </test-method> <!-- VerifyMsg -->
        <test-method signature="Formfilling2()[pri:6, instance:testCases.TestCase_003_EnterpriseValidation@673fdbce]" started-at="2024-04-14T10:07:49 IST" name="Formfilling2" finished-at="2024-04-14T10:08:00 IST" duration-ms="10881" status="PASS">
          <reporter-output>
          </reporter-output>
        </test-method> <!-- Formfilling2 -->
        <test-method signature="Submitform2()[pri:7, instance:testCases.TestCase_003_EnterpriseValidation@673fdbce]" started-at="2024-04-14T10:08:00 IST" name="Submitform2" finished-at="2024-04-14T10:08:00 IST" duration-ms="30" status="PASS">
          <reporter-output>
          </reporter-output>
        </test-method> <!-- Submitform2 -->
        <test-method signature="VerifyMsg2()[pri:8, instance:testCases.TestCase_003_EnterpriseValidation@673fdbce]" started-at="2024-04-14T10:08:00 IST" name="VerifyMsg2" finished-at="2024-04-14T10:08:01 IST" duration-ms="985" status="PASS">
          <reporter-output>
          </reporter-output>
        </test-method> <!-- VerifyMsg2 -->
        <test-method signature="Formfilling3()[pri:9, instance:testCases.TestCase_003_EnterpriseValidation@673fdbce]" started-at="2024-04-14T10:08:01 IST" name="Formfilling3" finished-at="2024-04-14T10:08:06 IST" duration-ms="5266" status="PASS">
          <reporter-output>
          </reporter-output>
        </test-method> <!-- Formfilling3 -->
        <test-method signature="Submitform3()[pri:10, instance:testCases.TestCase_003_EnterpriseValidation@673fdbce]" started-at="2024-04-14T10:08:06 IST" name="Submitform3" finished-at="2024-04-14T10:08:06 IST" duration-ms="24" status="PASS">
          <reporter-output>
          </reporter-output>
        </test-method> <!-- Submitform3 -->
        <test-method signature="VerifyMsg3()[pri:11, instance:testCases.TestCase_003_EnterpriseValidation@673fdbce]" started-at="2024-04-14T10:08:06 IST" name="VerifyMsg3" finished-at="2024-04-14T10:08:27 IST" duration-ms="20265" status="PASS">
          <reporter-output>
          </reporter-output>
        </test-method> <!-- VerifyMsg3 -->
        <test-method is-config="true" signature="tearDown()[pri:0, instance:testCases.TestCase_003_EnterpriseValidation@673fdbce]" started-at="2024-04-14T10:08:27 IST" name="tearDown" finished-at="2024-04-14T10:08:30 IST" duration-ms="3486" status="PASS">
          <reporter-output>
          </reporter-output>
        </test-method> <!-- tearDown -->
      </class> <!-- testCases.TestCase_003_EnterpriseValidation -->
    </test> <!-- ChromeTest -->
  </suite> <!-- Suite -->
</testng-results>
